"../../../Engine/Content/EngineMaterials/T_Default_Material_Grid_M.ubulk" 0
"../../../Engine/Content/EngineMaterials/T_Default_Material_Grid_M.uasset" 1
"../../../Engine/Content/EngineMaterials/T_Default_Material_Grid_M.uexp" 2
"../../../Engine/Content/EngineMaterials/T_Default_Material_Grid_N.ubulk" 3
"../../../Engine/Content/EngineMaterials/T_Default_Material_Grid_N.uasset" 4
"../../../Engine/Content/EngineMaterials/T_Default_Material_Grid_N.uexp" 5
"../../../Engine/Content/Functions/Engine_MaterialFunctions01/Opacity/CameraDepthFade.uasset" 6
"../../../Engine/Content/Functions/Engine_MaterialFunctions01/Opacity/CameraDepthFade.uexp" 7
"../../../Engine/Content/EngineMaterials/DefaultMaterial.uasset" 8
"../../../Engine/Content/EngineMaterials/DefaultMaterial.uexp" 9
"../../../Engine/Content/BasicShapes/Sphere.uasset" 10
"../../../Engine/Content/BasicShapes/Sphere.uexp" 11
"../../../Engine/Content/EngineMaterials/WorldGridMaterial.uasset" 12
"../../../Engine/Content/EngineMaterials/WorldGridMaterial.uexp" 13
"../../../Engine/Content/BasicShapes/Cube.uasset" 14
"../../../Engine/Content/BasicShapes/Cube.uexp" 15
"../../../Engine/Content/BasicShapes/Cone.uasset" 16
"../../../Engine/Content/BasicShapes/Cone.uexp" 17
"../../../Engine/Content/ArtTools/RenderToTexture/Meshes/S_1_Unit_Plane.uasset" 18
"../../../Engine/Content/ArtTools/RenderToTexture/Meshes/S_1_Unit_Plane.uexp" 19
"../../../Engine/Content/EditorMaterials/PreviewShadowIndicator.ubulk" 20
"../../../Engine/Content/EditorMaterials/PreviewShadowIndicator.uasset" 21
"../../../Engine/Content/EditorMaterials/PreviewShadowIndicator.uexp" 22
"../../../Engine/Content/EditorMaterials/PreviewShadowIndicatorMaterial.uasset" 23
"../../../Engine/Content/EditorMaterials/PreviewShadowIndicatorMaterial.uexp" 24
"../../../Engine/Content/EditorMaterials/MAT_Groups_Visibility.uasset" 25
"../../../Engine/Content/EditorMaterials/MAT_Groups_Visibility.uexp" 26
"../../../Engine/Content/EditorMaterials/MAT_Groups_Toggle.uasset" 27
"../../../Engine/Content/EditorMaterials/MAT_Groups_Toggle.uexp" 28
"../../../Engine/Content/Functions/Engine_MaterialFunctions02/Utility/MakeFloat4.uasset" 29
"../../../Engine/Content/Functions/Engine_MaterialFunctions02/Utility/MakeFloat4.uexp" 30
"../../../Engine/Content/Functions/Engine_MaterialFunctions02/Utility/MakeFloat3.uasset" 31
"../../../Engine/Content/Functions/Engine_MaterialFunctions02/Utility/MakeFloat3.uexp" 32
"../../../Engine/Content/Functions/Engine_MaterialFunctions02/Utility/BreakOutFloat3Components.uasset" 33
"../../../Engine/Content/Functions/Engine_MaterialFunctions02/Utility/BreakOutFloat3Components.uexp" 34
"../../../Engine/Content/EditorMaterials/WorldPartition/WorldPartitionSpatialHashGridPreviewMaterial.uasset" 35
"../../../Engine/Content/EditorMaterials/WorldPartition/WorldPartitionSpatialHashGridPreviewMaterial.uexp" 36
"../../../Engine/Content/EditorMaterials/ParticleSystems/PSysThumbnail_OOD.ubulk" 37
"../../../Engine/Content/EditorMaterials/ParticleSystems/PSysThumbnail_OOD.uasset" 38
"../../../Engine/Content/EditorMaterials/ParticleSystems/PSysThumbnail_OOD.uexp" 39
"../../../Engine/Content/EditorMaterials/ParticleSystems/PSysThumbnail_NoImage.ubulk" 40
"../../../Engine/Content/EditorMaterials/ParticleSystems/PSysThumbnail_NoImage.uasset" 41
"../../../Engine/Content/EditorMaterials/ParticleSystems/PSysThumbnail_NoImage.uexp" 42
"../../../Engine/Content/EditorMaterials/MatineeGroups/MAT_Groups_Vector.uasset" 43
"../../../Engine/Content/EditorMaterials/MatineeGroups/MAT_Groups_Vector.uexp" 44
"../../../Engine/Content/EditorMaterials/MatineeGroups/MAT_Groups_Sound.uasset" 45
"../../../Engine/Content/EditorMaterials/MatineeGroups/MAT_Groups_Sound.uexp" 46
"../../../Engine/Content/EditorMaterials/MatineeGroups/MAT_Groups_Slomo.uasset" 47
"../../../Engine/Content/EditorMaterials/MatineeGroups/MAT_Groups_Slomo.uexp" 48
"../../../Engine/Content/EditorMaterials/MatineeGroups/MAT_Groups_Move.uasset" 49
"../../../Engine/Content/EditorMaterials/MatineeGroups/MAT_Groups_Move.uexp" 50
"../../../Engine/Content/EditorResources/S_TriggerSphere.uasset" 51
"../../../Engine/Content/EditorResources/S_TriggerSphere.uexp" 52
"../../../Engine/Content/EditorResources/S_TriggerCapsule.uasset" 53
"../../../Engine/Content/EditorResources/S_TriggerCapsule.uexp" 54
"../../../Engine/Content/EditorResources/S_TriggerBox.uasset" 55
"../../../Engine/Content/EditorResources/S_TriggerBox.uexp" 56
"../../../Engine/Content/EditorResources/S_Trigger.ubulk" 57
"../../../Engine/Content/EditorResources/S_Trigger.uasset" 58
"../../../Engine/Content/EditorResources/S_Trigger.uexp" 59
"../../../Engine/Content/EditorResources/S_Terrain.ubulk" 60
"../../../Engine/Content/EditorResources/S_Terrain.uasset" 61
"../../../Engine/Content/EditorResources/S_Terrain.uexp" 62
"../../../Engine/Content/EditorResources/S_Solver.ubulk" 63
"../../../Engine/Content/EditorResources/S_Solver.uasset" 64
"../../../Engine/Content/EditorResources/S_Solver.uexp" 65
"../../../Engine/Content/EngineSounds/Master.uasset" 66
"../../../Engine/Content/EngineSounds/Master.uexp" 67
"../../../Engine/Content/Functions/Engine_MaterialFunctions01/Shading/PowerToRoughness.uasset" 68
"../../../Engine/Content/Functions/Engine_MaterialFunctions01/Shading/PowerToRoughness.uexp" 69
"../../../Engine/Content/Functions/Engine_MaterialFunctions01/Shading/ConvertFromDiffSpec.uasset" 70
"../../../Engine/Content/Functions/Engine_MaterialFunctions01/Shading/ConvertFromDiffSpec.uexp" 71
"../../../Engine/Content/EngineSky/VolumetricClouds/CloudWeatherTexture.uasset" 72
"../../../Engine/Content/EngineSky/VolumetricClouds/CloudWeatherTexture.uexp" 73
"../../../Engine/Content/Functions/Engine_MaterialFunctions02/Utility/MakeFloat2.uasset" 74
"../../../Engine/Content/Functions/Engine_MaterialFunctions02/Utility/MakeFloat2.uexp" 75
"../../../Engine/Content/EngineSky/VolumetricClouds/CloudGradientTexture.uasset" 76
"../../../Engine/Content/EngineSky/VolumetricClouds/CloudGradientTexture.uexp" 77
"../../../Engine/Content/EngineSky/VolumetricClouds/T_NoiseShape64.ubulk" 78
"../../../Engine/Content/EngineSky/VolumetricClouds/T_NoiseShape64.uasset" 79
"../../../Engine/Content/EngineSky/VolumetricClouds/T_NoiseShape64.uexp" 80
"../../../Engine/Content/EngineSky/VolumetricClouds/T_VolumeNoiseShape64.uasset" 81
"../../../Engine/Content/EngineSky/VolumetricClouds/T_VolumeNoiseShape64.uexp" 82
"../../../Engine/Content/EngineSky/VolumetricClouds/T_NoiseErosion.ubulk" 83
"../../../Engine/Content/EngineSky/VolumetricClouds/T_NoiseErosion.uasset" 84
"../../../Engine/Content/EngineSky/VolumetricClouds/T_NoiseErosion.uexp" 85
"../../../Engine/Content/EngineSky/VolumetricClouds/T_VolumeNoiseErosion32.uasset" 86
"../../../Engine/Content/EngineSky/VolumetricClouds/T_VolumeNoiseErosion32.uexp" 87
"../../../Engine/Content/EngineSky/VolumetricClouds/m_SimpleVolumetricCloud.uasset" 88
"../../../Engine/Content/EngineSky/VolumetricClouds/m_SimpleVolumetricCloud.uexp" 89
"../../../Engine/Content/EngineSky/VolumetricClouds/m_SimpleVolumetricCloud_Inst.uasset" 90
"../../../Engine/Content/EngineSky/VolumetricClouds/m_SimpleVolumetricCloud_Inst.uexp" 91
"../../../Engine/Content/EngineResources/GradientTexture0.uasset" 92
"../../../Engine/Content/EngineResources/GradientTexture0.uexp" 93
"../../../Engine/Content/EngineResources/DefaultVolumeTexture2D.uasset" 94
"../../../Engine/Content/EngineResources/DefaultVolumeTexture2D.uexp" 95
"../../../Engine/Content/EngineResources/DefaultVolumeTexture.uasset" 96
"../../../Engine/Content/EngineResources/DefaultVolumeTexture.uexp" 97
"../../../Engine/Content/EngineResources/DefaultTextureCube.uasset" 98
"../../../Engine/Content/EngineResources/DefaultTextureCube.uexp" 99
"../../../Engine/Content/EngineResources/Black.uasset" 100
"../../../Engine/Content/EngineResources/Black.uexp" 101
"../../../Engine/Content/EngineResources/FilmGrains/Marcie_Grain_v3_128_M2_000.uasset" 102
"../../../Engine/Content/EngineResources/FilmGrains/Marcie_Grain_v3_128_M2_000.uexp" 103
"../../../Engine/Content/EngineMeshes/Sphere.uasset" 104
"../../../Engine/Content/EngineMeshes/Sphere.uexp" 105
"../../../Engine/Content/EngineResources/WhiteSquareTexture.uasset" 106
"../../../Engine/Content/EngineResources/WhiteSquareTexture.uexp" 107
"../../../Engine/Content/EngineMaterials/Widget3DPassThrough.uasset" 108
"../../../Engine/Content/EngineMaterials/Widget3DPassThrough.uexp" 109
"../../../Engine/Content/EngineMaterials/Widget3DPassThrough_Translucent.uasset" 110
"../../../Engine/Content/EngineMaterials/Widget3DPassThrough_Translucent.uexp" 111
"../../../Engine/Content/EngineMaterials/Widget3DPassThrough_Translucent_OneSided.uasset" 112
"../../../Engine/Content/EngineMaterials/Widget3DPassThrough_Translucent_OneSided.uexp" 113
"../../../Engine/Content/EngineMaterials/Widget3DPassThrough_Opaque.uasset" 114
"../../../Engine/Content/EngineMaterials/Widget3DPassThrough_Opaque.uexp" 115
"../../../Engine/Content/EngineMaterials/Widget3DPassThrough_Opaque_OneSided.uasset" 116
"../../../Engine/Content/EngineMaterials/Widget3DPassThrough_Opaque_OneSided.uexp" 117
"../../../Engine/Content/EngineMaterials/Widget3DPassThrough_Masked_OneSided.uasset" 118
"../../../Engine/Content/EngineMaterials/Widget3DPassThrough_Masked_OneSided.uexp" 119
"../../../Engine/Content/EngineMaterials/Widget3DPassThrough_Masked.uasset" 120
"../../../Engine/Content/EngineMaterials/Widget3DPassThrough_Masked.uexp" 121
"../../../Engine/Content/EngineMaterials/WeightMapPlaceholderTexture.uasset" 122
"../../../Engine/Content/EngineMaterials/WeightMapPlaceholderTexture.uexp" 123
"../../../Engine/Content/EngineMaterials/RemoveSurfaceMaterial.uasset" 124
"../../../Engine/Content/EngineMaterials/RemoveSurfaceMaterial.uexp" 125
"../../../Engine/Content/EngineMaterials/PreintegratedSkinBRDF.uasset" 126
"../../../Engine/Content/EngineMaterials/PreintegratedSkinBRDF.uexp" 127
"../../../Engine/Content/EngineMaterials/DefaultCalibrationGrayscale.uasset" 128
"../../../Engine/Content/EngineMaterials/DefaultCalibrationGrayscale.uexp" 129
"../../../Engine/Content/EngineMaterials/PPM_DefaultCalibrationGrayscale.uasset" 130
"../../../Engine/Content/EngineMaterials/PPM_DefaultCalibrationGrayscale.uexp" 131
"../../../Engine/Content/EngineMaterials/DefaultCalibrationColor.uasset" 132
"../../../Engine/Content/EngineMaterials/DefaultCalibrationColor.uexp" 133
"../../../Engine/Content/EngineMaterials/PPM_DefaultCalibrationColor.uasset" 134
"../../../Engine/Content/EngineMaterials/PPM_DefaultCalibrationColor.uexp" 135
"../../../Engine/Content/Functions/Engine_MaterialFunctions02/WorldPositionOffset/CameraOffset.uasset" 136
"../../../Engine/Content/Functions/Engine_MaterialFunctions02/WorldPositionOffset/CameraOffset.uexp" 137
"../../../Engine/Content/EngineMaterials/PhAT_JointLimitMaterial.uasset" 138
"../../../Engine/Content/EngineMaterials/PhAT_JointLimitMaterial.uexp" 139
"../../../Engine/Content/EngineMaterials/InvalidLightmapSettings.ubulk" 140
"../../../Engine/Content/EngineMaterials/InvalidLightmapSettings.uasset" 141
"../../../Engine/Content/EngineMaterials/InvalidLightmapSettings.uexp" 142
"../../../Engine/Content/EngineMaterials/M_InvalidLightmapSettings.uasset" 143
"../../../Engine/Content/EngineMaterials/M_InvalidLightmapSettings.uexp" 144
"../../../Engine/Content/EngineMaterials/MiniFont.uasset" 145
"../../../Engine/Content/EngineMaterials/MiniFont.uexp" 146
"../../../Engine/Content/EngineMaterials/Good64x64TilingNoiseHighFreq.uasset" 147
"../../../Engine/Content/EngineMaterials/Good64x64TilingNoiseHighFreq.uexp" 148
"../../../Engine/Content/EngineMaterials/GizmoMaterial.uasset" 149
"../../../Engine/Content/EngineMaterials/GizmoMaterial.uexp" 150
"../../../Engine/Content/EngineMaterials/BaseFlattenEmissiveMap_VT.uasset" 151
"../../../Engine/Content/EngineMaterials/BaseFlattenEmissiveMap_VT.uexp" 152
"../../../Engine/Content/EngineMaterials/BaseFlattenGrayscaleMap_VT.uasset" 153
"../../../Engine/Content/EngineMaterials/BaseFlattenGrayscaleMap_VT.uexp" 154
"../../../Engine/Content/EngineMaterials/BaseFlattenLinearColor_VT.uasset" 155
"../../../Engine/Content/EngineMaterials/BaseFlattenLinearColor_VT.uexp" 156
"../../../Engine/Content/EngineMaterials/Black_1x1_EXR_Texture_VT.uasset" 157
"../../../Engine/Content/EngineMaterials/Black_1x1_EXR_Texture_VT.uexp" 158
"../../../Engine/Content/EngineMaterials/BaseFlattenDiffuseMap_VT.uasset" 159
"../../../Engine/Content/EngineMaterials/BaseFlattenDiffuseMap_VT.uexp" 160
"../../../Engine/Content/EngineMaterials/BaseFlattenNormalMap_VT.uasset" 161
"../../../Engine/Content/EngineMaterials/BaseFlattenNormalMap_VT.uexp" 162
"../../../Engine/Content/EngineMaterials/FlattenMaterial_WS_Normal_VT.uasset" 163
"../../../Engine/Content/EngineMaterials/FlattenMaterial_WS_Normal_VT.uexp" 164
"../../../Engine/Content/EngineMaterials/FlattenMaterial_VT.uasset" 165
"../../../Engine/Content/EngineMaterials/FlattenMaterial_VT.uexp" 166
"../../../Engine/Content/EngineMaterials/BaseFlattenNormalMap.uasset" 167
"../../../Engine/Content/EngineMaterials/BaseFlattenNormalMap.uexp" 168
"../../../Engine/Content/EngineMaterials/BaseFlattenGrayscaleMap.uasset" 169
"../../../Engine/Content/EngineMaterials/BaseFlattenGrayscaleMap.uexp" 170
"../../../Engine/Content/EngineMaterials/BaseFlattenDiffuseMap.uasset" 171
"../../../Engine/Content/EngineMaterials/BaseFlattenDiffuseMap.uexp" 172
"../../../Engine/Content/Functions/Engine_MaterialFunctions02/PivotPainter2/Black_1x1_EXR_Texture.uasset" 173
"../../../Engine/Content/Functions/Engine_MaterialFunctions02/PivotPainter2/Black_1x1_EXR_Texture.uexp" 174
"../../../Engine/Content/EngineMaterials/BaseFlattenEmissiveMap.uasset" 175
"../../../Engine/Content/EngineMaterials/BaseFlattenEmissiveMap.uexp" 176
"../../../Engine/Content/EngineMaterials/BaseFlattenLinearColor.uasset" 177
"../../../Engine/Content/EngineMaterials/BaseFlattenLinearColor.uexp" 178
"../../../Engine/Content/EngineMaterials/FlattenMaterial.uasset" 179
"../../../Engine/Content/EngineMaterials/FlattenMaterial.uexp" 180
"../../../Engine/Content/EngineMaterials/DefaultWhiteGrid_Low.uasset" 181
"../../../Engine/Content/EngineMaterials/DefaultWhiteGrid_Low.uexp" 182
"../../../Engine/Content/EngineMaterials/EmissiveMeshMaterial.uasset" 183
"../../../Engine/Content/EngineMaterials/EmissiveMeshMaterial.uexp" 184
"../../../Engine/Content/EngineMaterials/DefaultWhiteGrid.ubulk" 185
"../../../Engine/Content/EngineMaterials/DefaultWhiteGrid.uasset" 186
"../../../Engine/Content/EngineMaterials/DefaultWhiteGrid.uexp" 187
"../../../Engine/Content/EngineFonts/RobotoDistanceField.uasset" 188
"../../../Engine/Content/EngineFonts/RobotoDistanceField.uexp" 189
"../../../Engine/Content/EngineMaterials/DefaultTextMaterialOpaque.uasset" 190
"../../../Engine/Content/EngineMaterials/DefaultTextMaterialOpaque.uexp" 191
"../../../Engine/Content/EngineMaterials/DefaultDiffuse.ubulk" 192
"../../../Engine/Content/EngineMaterials/DefaultDiffuse.uasset" 193
"../../../Engine/Content/EngineMaterials/DefaultDiffuse.uexp" 194
"../../../Engine/Content/Functions/Engine_MaterialFunctions02/Utility/BreakOutFloat2Components.uasset" 195
"../../../Engine/Content/Functions/Engine_MaterialFunctions02/Utility/BreakOutFloat2Components.uexp" 196
"../../../Engine/Content/EngineMaterials/DefaultPostProcessMaterial.uasset" 197
"../../../Engine/Content/EngineMaterials/DefaultPostProcessMaterial.uexp" 198
"../../../Engine/Content/EngineMaterials/DefaultPhysicalMaterial.uasset" 199
"../../../Engine/Content/EngineMaterials/DefaultPhysicalMaterial.uexp" 200
"../../../Engine/Content/EngineMaterials/DefaultLightFunctionMaterial.uasset" 201
"../../../Engine/Content/EngineMaterials/DefaultLightFunctionMaterial.uexp" 202
"../../../Engine/Content/EngineMaterials/DefaultDestructiblePhysicalMaterial.uasset" 203
"../../../Engine/Content/EngineMaterials/DefaultDestructiblePhysicalMaterial.uexp" 204
"../../../Engine/Content/EngineMaterials/DefaultDeferredDecalMaterial.uasset" 205
"../../../Engine/Content/EngineMaterials/DefaultDeferredDecalMaterial.uexp" 206
"../../../Engine/Content/EngineMaterials/DefaultBokeh.uasset" 207
"../../../Engine/Content/EngineMaterials/DefaultBokeh.uexp" 208
"../../../Engine/Content/EngineMaterials/DefaultBloomKernel.uasset" 209
"../../../Engine/Content/EngineMaterials/DefaultBloomKernel.uexp" 210
"../../../Engine/Content/EngineMaterials/BlueNoise.uasset" 211
"../../../Engine/Content/EngineMaterials/BlueNoise.uexp" 212
"../../../Engine/Content/Functions/Engine_MaterialFunctions02/Utility/CameraDirectionVector.uasset" 213
"../../../Engine/Content/Functions/Engine_MaterialFunctions02/Utility/CameraDirectionVector.uexp" 214
"../../../Engine/Content/EngineDebugMaterials/VolumeToRender.uasset" 215
"../../../Engine/Content/EngineDebugMaterials/VolumeToRender.uexp" 216
"../../../Engine/Content/EngineDebugMaterials/M_VolumeRenderSphereTracePP.uasset" 217
"../../../Engine/Content/EngineDebugMaterials/M_VolumeRenderSphereTracePP.uexp" 218
"../../../Engine/Content/EngineDebugMaterials/M_SimpleUnlitTranslucent.uasset" 219
"../../../Engine/Content/EngineDebugMaterials/M_SimpleUnlitTranslucent.uexp" 220
"../../../Engine/Content/EngineDebugMaterials/DebugMeshMaterial.uasset" 221
"../../../Engine/Content/EngineDebugMaterials/DebugMeshMaterial.uexp" 222
"../../../Engine/Content/EngineDebugMaterials/DebugEditorMaterial.uasset" 223
"../../../Engine/Content/EngineDebugMaterials/DebugEditorMaterial.uexp" 224
"../../../Engine/Content/EngineDamageTypes/DmgTypeBP_Environmental.uasset" 225
"../../../Engine/Content/EngineDamageTypes/DmgTypeBP_Environmental.uexp" 226
"../../../Engine/Content/EditorResources/S_BoxReflectionCapture.uasset" 227
"../../../Engine/Content/EditorResources/S_BoxReflectionCapture.uexp" 228
"../../../Engine/Content/EditorResources/S_Actor.ubulk" 229
"../../../Engine/Content/EditorResources/S_Actor.uasset" 230
"../../../Engine/Content/EditorResources/S_Actor.uexp" 231
"../../../Engine/Content/EditorResources/EmptyActor.uasset" 232
"../../../Engine/Content/EditorResources/EmptyActor.uexp" 233
"../../../Engine/Content/EditorResources/BSPVertex.uasset" 234
"../../../Engine/Content/EditorResources/BSPVertex.uexp" 235
"../../../Engine/Content/EditorResources/SequenceRecorder/RecordingIndicator.uasset" 236
"../../../Engine/Content/EditorResources/SequenceRecorder/RecordingIndicator.uexp" 237
"../../../Engine/Content/EditorResources/SequenceRecorder/Countdown.uasset" 238
"../../../Engine/Content/EditorResources/SequenceRecorder/Countdown.uexp" 239
"../../../Engine/Content/EditorResources/LightIcons/S_LightError.uasset" 240
"../../../Engine/Content/EditorResources/LightIcons/S_LightError.uexp" 241
"../../../Engine/Content/EditorMaterials/Camera/CineMat.uasset" 242
"../../../Engine/Content/EditorMaterials/Camera/CineMat.uexp" 243
"../../../Engine/Content/EditorMaterials/Camera/MI_CineMat_Rig.uasset" 244
"../../../Engine/Content/EditorMaterials/Camera/MI_CineMat_Rig.uexp" 245
"../../../Engine/Content/EditorMeshes/Camera/SM_RailRig_Track.uasset" 246
"../../../Engine/Content/EditorMeshes/Camera/SM_RailRig_Track.uexp" 247
"../../../Engine/Content/EditorMeshes/Camera/SM_RailRig_Mount.uasset" 248
"../../../Engine/Content/EditorMeshes/Camera/SM_RailRig_Mount.uexp" 249
"../../../Engine/Content/EditorMeshes/Camera/SM_CraneRig_Mount.uasset" 250
"../../../Engine/Content/EditorMeshes/Camera/SM_CraneRig_Mount.uexp" 251
"../../../Engine/Content/EditorMeshes/Camera/SM_CraneRig_Body.uasset" 252
"../../../Engine/Content/EditorMeshes/Camera/SM_CraneRig_Body.uexp" 253
"../../../Engine/Content/EditorMeshes/Camera/SM_CraneRig_Base.uasset" 254
"../../../Engine/Content/EditorMeshes/Camera/SM_CraneRig_Base.uexp" 255
"../../../Engine/Content/EditorMeshes/Camera/SM_CraneRig_Arm.uasset" 256
"../../../Engine/Content/EditorMeshes/Camera/SM_CraneRig_Arm.uexp" 257
"../../../Engine/Content/EditorMaterials/MatineeGroups/MAT_Groups_Float.uasset" 258
"../../../Engine/Content/EditorMaterials/MatineeGroups/MAT_Groups_Float.uexp" 259
"../../../Engine/Content/EditorMaterials/MatineeGroups/MAT_Groups_Fade.uasset" 260
"../../../Engine/Content/EditorMaterials/MatineeGroups/MAT_Groups_Fade.uexp" 261
"../../../Engine/Content/EditorMaterials/MatineeGroups/MAT_Groups_Event.uasset" 262
"../../../Engine/Content/EditorMaterials/MatineeGroups/MAT_Groups_Event.uexp" 263
"../../../Engine/Content/EditorMaterials/MatineeGroups/MAT_Groups_Director.uasset" 264
"../../../Engine/Content/EditorMaterials/MatineeGroups/MAT_Groups_Director.uexp" 265
"../../../Engine/Content/EditorMaterials/MatineeGroups/MAT_Groups_AudioMaster.uasset" 266
"../../../Engine/Content/EditorMaterials/MatineeGroups/MAT_Groups_AudioMaster.uexp" 267
"../../../Engine/Content/EditorMaterials/MatineeGroups/MAT_Groups_Anim.uasset" 268
"../../../Engine/Content/EditorMaterials/MatineeGroups/MAT_Groups_Anim.uexp" 269
"../../../Engine/Content/EditorMaterials/MatineeGroups/MAT_ColorTrack.uasset" 270
"../../../Engine/Content/EditorMaterials/MatineeGroups/MAT_ColorTrack.uexp" 271
"../../../Engine/Content/EditorLandscapeResources/DefaultAlphaTexture.uasset" 272
"../../../Engine/Content/EditorLandscapeResources/DefaultAlphaTexture.uexp" 273
"../../../Engine/Content/EditorLandscapeResources/DataLayer.uasset" 274
"../../../Engine/Content/EditorLandscapeResources/DataLayer.uexp" 275
"../../../Engine/Content/Tutorial/ContentIntroCurve.uasset" 276
"../../../Engine/Content/Tutorial/ContentIntroCurve.uexp" 277
"../../../Engine/Content/VREditor/TransformGizmo/Main.uasset" 278
"../../../Engine/Content/VREditor/TransformGizmo/Main.uexp" 279
"../../../Engine/Content/VREditor/TransformGizmo/Xray.uasset" 280
"../../../Engine/Content/VREditor/TransformGizmo/Xray.uexp" 281
"../../../Engine/Content/VREditor/TransformGizmo/SM_Sequencer_Node.uasset" 282
"../../../Engine/Content/VREditor/TransformGizmo/SM_Sequencer_Node.uexp" 283
"../../../Engine/Content/VREditor/LaserPointer/VR_LaserPower_01.ubulk" 284
"../../../Engine/Content/VREditor/LaserPointer/VR_LaserPower_01.uasset" 285
"../../../Engine/Content/VREditor/LaserPointer/VR_LaserPower_01.uexp" 286
"../../../Engine/Content/VREditor/TransformGizmo/TransformGizmoMaterial.uasset" 287
"../../../Engine/Content/VREditor/TransformGizmo/TransformGizmoMaterial.uexp" 288
"../../../Engine/Content/VREditor/TransformGizmo/TranslucentTransformGizmoMaterial.uasset" 289
"../../../Engine/Content/VREditor/TransformGizmo/TranslucentTransformGizmoMaterial.uexp" 290
"../../../Engine/Content/VREditor/TransformGizmo/PlaneTranslationHandle.uasset" 291
"../../../Engine/Content/VREditor/TransformGizmo/PlaneTranslationHandle.uexp" 292
"../../../Engine/Plugins/Runtime/HairStrands/Content/Materials/HairMeshesDefaultMaterial.uasset" 293
"../../../Engine/Plugins/Runtime/HairStrands/Content/Materials/HairMeshesDefaultMaterial.uexp" 294
"../../../Engine/Plugins/Runtime/HairStrands/Content/Materials/HairDefaultMaterial.uasset" 295
"../../../Engine/Plugins/Runtime/HairStrands/Content/Materials/HairDefaultMaterial.uexp" 296
"../../../Engine/Plugins/Runtime/HairStrands/Content/Materials/HairGroupColors.uasset" 297
"../../../Engine/Plugins/Runtime/HairStrands/Content/Materials/HairGroupColors.uexp" 298
"../../../Engine/Content/EngineMaterials/HairColorMap.uasset" 299
"../../../Engine/Content/EngineMaterials/HairColorMap.uexp" 300
"../../../Engine/Content/EngineMaterials/HairDebugColor.uasset" 301
"../../../Engine/Content/EngineMaterials/HairDebugColor.uexp" 302
"../../../Engine/Plugins/Runtime/HairStrands/Content/Materials/HairDebugMaterial.uasset" 303
"../../../Engine/Plugins/Runtime/HairStrands/Content/Materials/HairDebugMaterial.uexp" 304
"../../../Engine/Plugins/Runtime/HairStrands/Content/Materials/HairCardsDefaultMaterial.uasset" 305
"../../../Engine/Plugins/Runtime/HairStrands/Content/Materials/HairCardsDefaultMaterial.uexp" 306
"../../../Engine/Plugins/Runtime/AR/ARUtilities/Content/Materials/DummyExternalTexture.uasset" 307
"../../../Engine/Plugins/Runtime/AR/ARUtilities/Content/Materials/DummyExternalTexture.uexp" 308
"../../../Engine/Content/EngineResources/DefaultTexture.ubulk" 309
"../../../Engine/Content/EngineResources/DefaultTexture.uasset" 310
"../../../Engine/Content/EngineResources/DefaultTexture.uexp" 311
"../../../Engine/Plugins/Runtime/AR/Google/GoogleARCore/Content/M_SceneDepthOcclusion.uasset" 312
"../../../Engine/Plugins/Runtime/AR/Google/GoogleARCore/Content/M_SceneDepthOcclusion.uexp" 313
"../../../Engine/Plugins/Runtime/AR/ARUtilities/Content/Materials/MF_DistanceColorLerp.uasset" 314
"../../../Engine/Plugins/Runtime/AR/ARUtilities/Content/Materials/MF_DistanceColorLerp.uexp" 315
"../../../Engine/Plugins/Runtime/AR/ARUtilities/Content/Materials/M_DepthColoration.uasset" 316
"../../../Engine/Plugins/Runtime/AR/ARUtilities/Content/Materials/M_DepthColoration.uexp" 317
"../../../Engine/Plugins/Runtime/AR/ARUtilities/Content/Materials/M_ScreenSpacePassthroughCamera.uasset" 318
"../../../Engine/Plugins/Runtime/AR/ARUtilities/Content/Materials/M_ScreenSpacePassthroughCamera.uexp" 319
"../../../Engine/Plugins/Runtime/AR/ARUtilities/Content/Materials/MI_ScreenSpacePassthroughCameraExternalTexture.uasset" 320
"../../../Engine/Plugins/Runtime/AR/ARUtilities/Content/Materials/MI_ScreenSpacePassthroughCameraExternalTexture.uexp" 321
"../../../Engine/Plugins/Runtime/AR/ARUtilities/Content/Materials/M_PassthroughCamera.uasset" 322
"../../../Engine/Plugins/Runtime/AR/ARUtilities/Content/Materials/M_PassthroughCamera.uexp" 323
"../../../Engine/Plugins/Runtime/AR/ARUtilities/Content/Materials/MI_PassthroughCameraExternalTexture.uasset" 324
"../../../Engine/Plugins/Runtime/AR/ARUtilities/Content/Materials/MI_PassthroughCameraExternalTexture.uexp" 325
"../../../Engine/Plugins/Editor/SpeedTreeImporter/Content/SpeedTree9/game_wind_noise.ubulk" 326
"../../../Engine/Plugins/Editor/SpeedTreeImporter/Content/SpeedTree9/game_wind_noise.uasset" 327
"../../../Engine/Plugins/Editor/SpeedTreeImporter/Content/SpeedTree9/game_wind_noise.uexp" 328
"../../../Engine/Plugins/Editor/SpeedTreeImporter/Content/SpeedTree9/UnpackDirection.uasset" 329
"../../../Engine/Plugins/Editor/SpeedTreeImporter/Content/SpeedTree9/UnpackDirection.uexp" 330
"../../../Engine/Content/Functions/Engine_MaterialFunctions02/ObjectLocalBounds.uasset" 331
"../../../Engine/Content/Functions/Engine_MaterialFunctions02/ObjectLocalBounds.uexp" 332
"../../../Engine/Content/Functions/Engine_MaterialFunctions02/UVs/BoundingBoxBased_0-1_UVW.uasset" 333
"../../../Engine/Content/Functions/Engine_MaterialFunctions02/UVs/BoundingBoxBased_0-1_UVW.uexp" 334
"../../../Engine/Content/Functions/Engine_MaterialFunctions02/Utility/VectorLength.uasset" 335
"../../../Engine/Content/Functions/Engine_MaterialFunctions02/Utility/VectorLength.uexp" 336
"../../../Engine/Plugins/Editor/SpeedTreeImporter/Content/SpeedTree9/UnpackInteger3.uasset" 337
"../../../Engine/Plugins/Editor/SpeedTreeImporter/Content/SpeedTree9/UnpackInteger3.uexp" 338
"../../../Engine/Plugins/Editor/SpeedTreeImporter/Content/SpeedTree9/SpeedTreeCameraFacing.uasset" 339
"../../../Engine/Plugins/Editor/SpeedTreeImporter/Content/SpeedTree9/SpeedTreeCameraFacing.uexp" 340
"../../../Engine/Content/Functions/Engine_MaterialFunctions02/WorldPositionOffset/ObjectScale.uasset" 341
"../../../Engine/Content/Functions/Engine_MaterialFunctions02/WorldPositionOffset/ObjectScale.uexp" 342
"../../../Engine/Content/Functions/Engine_MaterialFunctions02/SafeNormalize.uasset" 343
"../../../Engine/Content/Functions/Engine_MaterialFunctions02/SafeNormalize.uexp" 344
"../../../Engine/Plugins/Editor/SpeedTreeImporter/Content/SpeedTree9/SpeedTreeWindMotion.uasset" 345
"../../../Engine/Plugins/Editor/SpeedTreeImporter/Content/SpeedTree9/SpeedTreeWindMotion.uexp" 346
"../../../Engine/Plugins/Editor/SpeedTreeImporter/Content/SpeedTree9/SpeedTreeBranchMotion.uasset" 347
"../../../Engine/Plugins/Editor/SpeedTreeImporter/Content/SpeedTree9/SpeedTreeBranchMotion.uexp" 348
"../../../Engine/Plugins/Editor/SpeedTreeImporter/Content/SpeedTree9/SpeedTreeWind.uasset" 349
"../../../Engine/Plugins/Editor/SpeedTreeImporter/Content/SpeedTree9/SpeedTreeWind.uexp" 350
"../../../Engine/Plugins/Editor/SpeedTreeImporter/Content/SpeedTree9/EmptyNormal.uasset" 351
"../../../Engine/Plugins/Editor/SpeedTreeImporter/Content/SpeedTree9/EmptyNormal.uexp" 352
"../../../Engine/Plugins/Editor/SpeedTreeImporter/Content/SpeedTree9/Empty.uasset" 353
"../../../Engine/Plugins/Editor/SpeedTreeImporter/Content/SpeedTree9/Empty.uexp" 354
"../../../Engine/Plugins/Editor/SpeedTreeImporter/Content/SpeedTree9/SpeedTreeMaster.uasset" 355
"../../../Engine/Plugins/Editor/SpeedTreeImporter/Content/SpeedTree9/SpeedTreeMaster.uexp" 356
"../../../Engine/Plugins/Editor/SpeedTreeImporter/Content/SpeedTree9/SpeedTreeBillboard.uasset" 357
"../../../Engine/Plugins/Editor/SpeedTreeImporter/Content/SpeedTree9/SpeedTreeBillboard.uexp" 358
"../../../Engine/Plugins/Editor/SpeedTreeImporter/Content/SpeedTree9/SpeedTreeBillboardMaster.uasset" 359
"../../../Engine/Plugins/Editor/SpeedTreeImporter/Content/SpeedTree9/SpeedTreeBillboardMaster.uexp" 360
"../../../Engine/Plugins/Animation/ControlRig/Content/M_Manip.uasset" 361
"../../../Engine/Plugins/Animation/ControlRig/Content/M_Manip.uexp" 362
"../../../Engine/Plugins/Animation/ControlRig/Content/Controls/DefaultGizmoLibraryNormalized.uasset" 363
"../../../Engine/Plugins/Animation/ControlRig/Content/Controls/DefaultGizmoLibraryNormalized.uexp" 364
"../../../Engine/Plugins/Animation/ControlRig/Content/Controls/ControlRig_Wedge_solid.uasset" 365
"../../../Engine/Plugins/Animation/ControlRig/Content/Controls/ControlRig_Wedge_solid.uexp" 366
"../../../Engine/Plugins/Animation/ControlRig/Content/Controls/ControlRig_Wedge_3mm.uasset" 367
"../../../Engine/Plugins/Animation/ControlRig/Content/Controls/ControlRig_Wedge_3mm.uexp" 368
"../../../Engine/Plugins/Animation/ControlRig/Content/Controls/ControlRig_Wedge_1mm.uasset" 369
"../../../Engine/Plugins/Animation/ControlRig/Content/Controls/ControlRig_Wedge_1mm.uexp" 370
"../../../Engine/Plugins/Animation/ControlRig/Content/Controls/ControlRig_Triangle_solid.uasset" 371
"../../../Engine/Plugins/Animation/ControlRig/Content/Controls/ControlRig_Triangle_solid.uexp" 372
"../../../Engine/Plugins/Animation/ControlRig/Content/Controls/ControlRig_Triangle_3mm.uasset" 373
"../../../Engine/Plugins/Animation/ControlRig/Content/Controls/ControlRig_Triangle_3mm.uexp" 374
"../../../Engine/Plugins/Animation/ControlRig/Content/Controls/ControlRig_Triangle_1mm.uasset" 375
"../../../Engine/Plugins/Animation/ControlRig/Content/Controls/ControlRig_Triangle_1mm.uexp" 376
"../../../Engine/Plugins/Animation/ControlRig/Content/Controls/ControlRig_Star4_solid.uasset" 377
"../../../Engine/Plugins/Animation/ControlRig/Content/Controls/ControlRig_Star4_solid.uexp" 378
"../../../Engine/Plugins/Animation/ControlRig/Content/Controls/ControlRig_Star4_3mm.uasset" 379
"../../../Engine/Plugins/Animation/ControlRig/Content/Controls/ControlRig_Star4_3mm.uexp" 380
"../../../Engine/Plugins/Animation/ControlRig/Content/Controls/ControlRig_Star4_1mm.uasset" 381
"../../../Engine/Plugins/Animation/ControlRig/Content/Controls/ControlRig_Star4_1mm.uexp" 382
"../../../Engine/Plugins/Animation/ControlRig/Content/Controls/ControlRig_Square_solid.uasset" 383
"../../../Engine/Plugins/Animation/ControlRig/Content/Controls/ControlRig_Square_solid.uexp" 384
"../../../Engine/Plugins/Animation/ControlRig/Content/Controls/ControlRig_Square_3mm.uasset" 385
"../../../Engine/Plugins/Animation/ControlRig/Content/Controls/ControlRig_Square_3mm.uexp" 386
"../../../Engine/Plugins/Animation/ControlRig/Content/Controls/ControlRig_Square_1mm.uasset" 387
"../../../Engine/Plugins/Animation/ControlRig/Content/Controls/ControlRig_Square_1mm.uexp" 388
"../../../Engine/Plugins/Animation/ControlRig/Content/Controls/ControlRig_Sphere_solid.uasset" 389
"../../../Engine/Plugins/Animation/ControlRig/Content/Controls/ControlRig_Sphere_solid.uexp" 390
"../../../Engine/Plugins/Animation/ControlRig/Content/Controls/ControlRig_Sphere_3mm.uasset" 391
"../../../Engine/Plugins/Animation/ControlRig/Content/Controls/ControlRig_Sphere_3mm.uexp" 392
"../../../Engine/Plugins/Animation/ControlRig/Content/Controls/ControlRig_Sphere_1mm.uasset" 393
"../../../Engine/Plugins/Animation/ControlRig/Content/Controls/ControlRig_Sphere_1mm.uexp" 394
"../../../Engine/Plugins/Animation/ControlRig/Content/Controls/ControlRig_RoundedTriangle_solid.uasset" 395
"../../../Engine/Plugins/Animation/ControlRig/Content/Controls/ControlRig_RoundedTriangle_solid.uexp" 396
"../../../Engine/Plugins/Animation/ControlRig/Content/Controls/ControlRig_RoundedTriangle_3mm.uasset" 397
"../../../Engine/Plugins/Animation/ControlRig/Content/Controls/ControlRig_RoundedTriangle_3mm.uexp" 398
"../../../Engine/Plugins/Animation/ControlRig/Content/Controls/ControlRig_RoundedTriangle_1mm.uasset" 399
"../../../Engine/Plugins/Animation/ControlRig/Content/Controls/ControlRig_RoundedTriangle_1mm.uexp" 400
"../../../Engine/Plugins/Animation/ControlRig/Content/Controls/ControlRig_RoundedSquare_solid.uasset" 401
"../../../Engine/Plugins/Animation/ControlRig/Content/Controls/ControlRig_RoundedSquare_solid.uexp" 402
"../../../Engine/Plugins/Animation/ControlRig/Content/Controls/ControlRig_RoundedSquare_3mm.uasset" 403
"../../../Engine/Plugins/Animation/ControlRig/Content/Controls/ControlRig_RoundedSquare_3mm.uexp" 404
"../../../Engine/Plugins/Animation/ControlRig/Content/Controls/ControlRig_RoundedSquare_1mm.uasset" 405
"../../../Engine/Plugins/Animation/ControlRig/Content/Controls/ControlRig_RoundedSquare_1mm.uexp" 406
"../../../Engine/Plugins/Animation/ControlRig/Content/Controls/ControlRig_QuarterCircle_solid.uasset" 407
"../../../Engine/Plugins/Animation/ControlRig/Content/Controls/ControlRig_QuarterCircle_solid.uexp" 408
"../../../Engine/Plugins/Animation/ControlRig/Content/Controls/ControlRig_QuarterCircle_3mm.uasset" 409
"../../../Engine/Plugins/Animation/ControlRig/Content/Controls/ControlRig_QuarterCircle_3mm.uexp" 410
"../../../Engine/Plugins/Animation/ControlRig/Content/Controls/ControlRig_QuarterCircle_1mm.uasset" 411
"../../../Engine/Plugins/Animation/ControlRig/Content/Controls/ControlRig_QuarterCircle_1mm.uexp" 412
"../../../Engine/Plugins/Animation/ControlRig/Content/Controls/ControlRig_Pyramid_solid.uasset" 413
"../../../Engine/Plugins/Animation/ControlRig/Content/Controls/ControlRig_Pyramid_solid.uexp" 414
"../../../Engine/Plugins/Animation/ControlRig/Content/Controls/ControlRig_Pyramid_3mm.uasset" 415
"../../../Engine/Plugins/Animation/ControlRig/Content/Controls/ControlRig_Pyramid_3mm.uexp" 416
"../../../Engine/Plugins/Animation/ControlRig/Content/Controls/ControlRig_Pyramid_1mm.uasset" 417
"../../../Engine/Plugins/Animation/ControlRig/Content/Controls/ControlRig_Pyramid_1mm.uexp" 418
"../../../Engine/Plugins/Animation/ControlRig/Content/Controls/ControlRig_Octagon_solid.uasset" 419
"../../../Engine/Plugins/Animation/ControlRig/Content/Controls/ControlRig_Octagon_solid.uexp" 420
"../../../Engine/Plugins/Animation/ControlRig/Content/Controls/ControlRig_Octagon_3mm.uasset" 421
"../../../Engine/Plugins/Animation/ControlRig/Content/Controls/ControlRig_Octagon_3mm.uexp" 422
"../../../Engine/Plugins/Animation/ControlRig/Content/Controls/ControlRig_Octagon_1mm.uasset" 423
"../../../Engine/Plugins/Animation/ControlRig/Content/Controls/ControlRig_Octagon_1mm.uexp" 424
"../../../Engine/Plugins/Animation/ControlRig/Content/Controls/ControlRig_Hexagon_solid.uasset" 425
"../../../Engine/Plugins/Animation/ControlRig/Content/Controls/ControlRig_Hexagon_solid.uexp" 426
"../../../Engine/Plugins/Animation/ControlRig/Content/Controls/ControlRig_Hexagon_3mm.uasset" 427
"../../../Engine/Plugins/Animation/ControlRig/Content/Controls/ControlRig_Hexagon_3mm.uexp" 428
"../../../Engine/Plugins/Animation/ControlRig/Content/Controls/ControlRig_Hexagon_1mm.uasset" 429
"../../../Engine/Plugins/Animation/ControlRig/Content/Controls/ControlRig_Hexagon_1mm.uexp" 430
"../../../Engine/Plugins/Animation/ControlRig/Content/Controls/ControlRig_HalfCircle_solid.uasset" 431
"../../../Engine/Plugins/Animation/ControlRig/Content/Controls/ControlRig_HalfCircle_solid.uexp" 432
"../../../Engine/Plugins/Animation/ControlRig/Content/Controls/ControlRig_HalfCircle_3mm.uasset" 433
"../../../Engine/Plugins/Animation/ControlRig/Content/Controls/ControlRig_HalfCircle_3mm.uexp" 434
"../../../Engine/Plugins/Animation/ControlRig/Content/Controls/ControlRig_HalfCircle_1mm.uasset" 435
"../../../Engine/Plugins/Animation/ControlRig/Content/Controls/ControlRig_HalfCircle_1mm.uexp" 436
"../../../Engine/Plugins/Animation/ControlRig/Content/Controls/ControlRig_Diamond_solid.uasset" 437
"../../../Engine/Plugins/Animation/ControlRig/Content/Controls/ControlRig_Diamond_solid.uexp" 438
"../../../Engine/Plugins/Animation/ControlRig/Content/Controls/ControlRig_Diamond_3mm.uasset" 439
"../../../Engine/Plugins/Animation/ControlRig/Content/Controls/ControlRig_Diamond_3mm.uexp" 440
"../../../Engine/Plugins/Animation/ControlRig/Content/Controls/ControlRig_Diamond_1mm.uasset" 441
"../../../Engine/Plugins/Animation/ControlRig/Content/Controls/ControlRig_Diamond_1mm.uexp" 442
"../../../Engine/Plugins/Animation/ControlRig/Content/Controls/ControlRig_Circle_solid.uasset" 443
"../../../Engine/Plugins/Animation/ControlRig/Content/Controls/ControlRig_Circle_solid.uexp" 444
"../../../Engine/Plugins/Animation/ControlRig/Content/Controls/ControlRig_Circle_3mm.uasset" 445
"../../../Engine/Plugins/Animation/ControlRig/Content/Controls/ControlRig_Circle_3mm.uexp" 446
"../../../Engine/Plugins/Animation/ControlRig/Content/Controls/ControlRig_Circle_1mm.uasset" 447
"../../../Engine/Plugins/Animation/ControlRig/Content/Controls/ControlRig_Circle_1mm.uexp" 448
"../../../Engine/Plugins/Animation/ControlRig/Content/Controls/ControlRig_Box_solid.uasset" 449
"../../../Engine/Plugins/Animation/ControlRig/Content/Controls/ControlRig_Box_solid.uexp" 450
"../../../Engine/Plugins/Animation/ControlRig/Content/Controls/ControlRig_Box_3mm.uasset" 451
"../../../Engine/Plugins/Animation/ControlRig/Content/Controls/ControlRig_Box_3mm.uexp" 452
"../../../Engine/Plugins/Animation/ControlRig/Content/Controls/ControlRig_Box_1mm.uasset" 453
"../../../Engine/Plugins/Animation/ControlRig/Content/Controls/ControlRig_Box_1mm.uexp" 454
"../../../Engine/Plugins/Animation/ControlRig/Content/Controls/ControlRig_Arrow_solid.uasset" 455
"../../../Engine/Plugins/Animation/ControlRig/Content/Controls/ControlRig_Arrow_solid.uexp" 456
"../../../Engine/Plugins/Animation/ControlRig/Content/Controls/ControlRig_Arrow_3mm.uasset" 457
"../../../Engine/Plugins/Animation/ControlRig/Content/Controls/ControlRig_Arrow_3mm.uexp" 458
"../../../Engine/Plugins/Animation/ControlRig/Content/Controls/ControlRig_Arrow_1mm.uasset" 459
"../../../Engine/Plugins/Animation/ControlRig/Content/Controls/ControlRig_Arrow_1mm.uexp" 460
"../../../Engine/Plugins/Animation/ControlRig/Content/Controls/ControlRig_Arrow4_solid.uasset" 461
"../../../Engine/Plugins/Animation/ControlRig/Content/Controls/ControlRig_Arrow4_solid.uexp" 462
"../../../Engine/Plugins/Animation/ControlRig/Content/Controls/ControlRig_Arrow4_3mm.uasset" 463
"../../../Engine/Plugins/Animation/ControlRig/Content/Controls/ControlRig_Arrow4_3mm.uexp" 464
"../../../Engine/Plugins/Animation/ControlRig/Content/Controls/ControlRig_Arrow4_1mm.uasset" 465
"../../../Engine/Plugins/Animation/ControlRig/Content/Controls/ControlRig_Arrow4_1mm.uexp" 466
"../../../Engine/Plugins/Animation/ControlRig/Content/Controls/ControlRig_Arrow2_solid.uasset" 467
"../../../Engine/Plugins/Animation/ControlRig/Content/Controls/ControlRig_Arrow2_solid.uexp" 468
"../../../Engine/Plugins/Animation/ControlRig/Content/Controls/ControlRig_Arrow2_3mm.uasset" 469
"../../../Engine/Plugins/Animation/ControlRig/Content/Controls/ControlRig_Arrow2_3mm.uexp" 470
"../../../Engine/Plugins/Animation/ControlRig/Content/Controls/ControlRig_Arrow2_1mm.uasset" 471
"../../../Engine/Plugins/Animation/ControlRig/Content/Controls/ControlRig_Arrow2_1mm.uexp" 472
"../../../Engine/Plugins/Animation/ControlRig/Content/Controls/ControlRigGizmoMaterial.uasset" 473
"../../../Engine/Plugins/Animation/ControlRig/Content/Controls/ControlRigGizmoMaterial.uexp" 474
"../../../Engine/Plugins/2D/Paper2D/Content/PlaceholderTextures/DummySpriteTexture.ubulk" 475
"../../../Engine/Plugins/2D/Paper2D/Content/PlaceholderTextures/DummySpriteTexture.uasset" 476
"../../../Engine/Plugins/2D/Paper2D/Content/PlaceholderTextures/DummySpriteTexture.uexp" 477
"../../../Engine/Plugins/2D/Paper2D/Content/DefaultSpriteMaterial.uasset" 478
"../../../Engine/Plugins/2D/Paper2D/Content/DefaultSpriteMaterial.uexp" 479
"../../../Engine/Plugins/2D/Paper2D/Content/OpaqueUnlitSpriteMaterial.uasset" 480
"../../../Engine/Plugins/2D/Paper2D/Content/OpaqueUnlitSpriteMaterial.uexp" 481
"../../../Engine/Plugins/2D/Paper2D/Content/MaskedUnlitSpriteMaterial.uasset" 482
"../../../Engine/Plugins/2D/Paper2D/Content/MaskedUnlitSpriteMaterial.uexp" 483
"../../../Engine/Plugins/2D/Paper2D/Content/DummySprite.uasset" 484
"../../../Engine/Plugins/2D/Paper2D/Content/DummySprite.uexp" 485
"../../../Engine/Plugins/2D/Paper2D/Content/DefaultPaperTerrainMaterial.uasset" 486
"../../../Engine/Plugins/2D/Paper2D/Content/DefaultPaperTerrainMaterial.uexp" 487
"../../../Engine/Content/VREditor/TransformGizmo/BoundingBoxEdge.uasset" 488
"../../../Engine/Content/VREditor/TransformGizmo/BoundingBoxEdge.uexp" 489
"../../../Engine/Content/VREditor/TransformGizmo/BoundingBoxCorner.uasset" 490
"../../../Engine/Content/VREditor/TransformGizmo/BoundingBoxCorner.uexp" 491
"../../../Engine/Content/Maps/Entry_BuiltData.uasset" 492
"../../../Engine/Content/Maps/Entry_BuiltData.uexp" 493
"../../../Engine/Content/Maps/Entry.uexp" 494
"../../../Engine/Content/Maps/Entry.umap" 495
"C:/Users/tobiz/OneDrive/Documenten/Unreal Projects/MyProject/Content/HandheldAR/Blueprints/GameFramework/BP_ARPlayerController.uasset" 496
"C:/Users/tobiz/OneDrive/Documenten/Unreal Projects/MyProject/Content/HandheldAR/Blueprints/GameFramework/BP_ARPlayerController.uexp" 497
"C:/Users/tobiz/OneDrive/Documenten/Unreal Projects/MyProject/Content/HandheldAR/Blueprints/GameFramework/ENUM_GestureType.uasset" 498
"C:/Users/tobiz/OneDrive/Documenten/Unreal Projects/MyProject/Content/HandheldAR/Blueprints/GameFramework/ENUM_GestureType.uexp" 499
"C:/Users/tobiz/OneDrive/Documenten/Unreal Projects/MyProject/Content/HandheldAR/Blueprints/Placeable/Textures/T_Square.ubulk" 500
"C:/Users/tobiz/OneDrive/Documenten/Unreal Projects/MyProject/Content/HandheldAR/Blueprints/Placeable/Textures/T_Square.uasset" 501
"C:/Users/tobiz/OneDrive/Documenten/Unreal Projects/MyProject/Content/HandheldAR/Blueprints/Placeable/Textures/T_Square.uexp" 502
"C:/Users/tobiz/OneDrive/Documenten/Unreal Projects/MyProject/Content/HandheldAR/Blueprints/Placeable/Mesh/SM_ArrowBody.uasset" 503
"C:/Users/tobiz/OneDrive/Documenten/Unreal Projects/MyProject/Content/HandheldAR/Blueprints/Placeable/Mesh/SM_ArrowBody.uexp" 504
"C:/Users/tobiz/OneDrive/Documenten/Unreal Projects/MyProject/Content/HandheldAR/Blueprints/UI/Icons/T_Icon_Scale.uasset" 505
"C:/Users/tobiz/OneDrive/Documenten/Unreal Projects/MyProject/Content/HandheldAR/Blueprints/UI/Icons/T_Icon_Scale.uexp" 506
"../../../Engine/Content/ArtTools/RenderToTexture/Textures/127grey.uasset" 507
"../../../Engine/Content/ArtTools/RenderToTexture/Textures/127grey.uexp" 508
"../../../Engine/Content/Functions/Engine_MaterialFunctions01/Gradient/LinearGradient.uasset" 509
"../../../Engine/Content/Functions/Engine_MaterialFunctions01/Gradient/LinearGradient.uexp" 510
"../../../Engine/Content/Functions/Engine_MaterialFunctions01/ImageAdjustment/CheapContrast.uasset" 511
"../../../Engine/Content/Functions/Engine_MaterialFunctions01/ImageAdjustment/CheapContrast.uexp" 512
"C:/Users/tobiz/OneDrive/Documenten/Unreal Projects/MyProject/Content/HandheldAR/Blueprints/Placeable/Materials/MF_CircularScan.uasset" 513
"C:/Users/tobiz/OneDrive/Documenten/Unreal Projects/MyProject/Content/HandheldAR/Blueprints/Placeable/Materials/MF_CircularScan.uexp" 514
"C:/Users/tobiz/OneDrive/Documenten/Unreal Projects/MyProject/Content/HandheldAR/Blueprints/Placeable/Materials/M_Plane_02.uasset" 515
"C:/Users/tobiz/OneDrive/Documenten/Unreal Projects/MyProject/Content/HandheldAR/Blueprints/Placeable/Materials/M_Plane_02.uexp" 516
"C:/Users/tobiz/OneDrive/Documenten/Unreal Projects/MyProject/Content/HandheldAR/Blueprints/Placeable/Materials/MF_DistanceFalloff.uasset" 517
"C:/Users/tobiz/OneDrive/Documenten/Unreal Projects/MyProject/Content/HandheldAR/Blueprints/Placeable/Materials/MF_DistanceFalloff.uexp" 518
"C:/Users/tobiz/OneDrive/Documenten/Unreal Projects/MyProject/Content/HandheldAR/Blueprints/Placeable/Materials/M_Plane_Fallback.uasset" 519
"C:/Users/tobiz/OneDrive/Documenten/Unreal Projects/MyProject/Content/HandheldAR/Blueprints/Placeable/Materials/M_Plane_Fallback.uexp" 520
"C:/Users/tobiz/OneDrive/Documenten/Unreal Projects/MyProject/Content/HandheldAR/Blueprints/Placeable/Materials/M_Plane_Plain.uasset" 521
"C:/Users/tobiz/OneDrive/Documenten/Unreal Projects/MyProject/Content/HandheldAR/Blueprints/Placeable/Materials/M_Plane_Plain.uexp" 522
"../../../Engine/Content/BasicShapes/Plane.uasset" 523
"../../../Engine/Content/BasicShapes/Plane.uexp" 524
"C:/Users/tobiz/OneDrive/Documenten/Unreal Projects/MyProject/Content/HandheldAR/Blueprints/Placeable/Materials/M_Plane_01.uasset" 525
"C:/Users/tobiz/OneDrive/Documenten/Unreal Projects/MyProject/Content/HandheldAR/Blueprints/Placeable/Materials/M_Plane_01.uexp" 526
"../../../Engine/Content/EditorBlueprintResources/StandardMacros.uasset" 527
"../../../Engine/Content/EditorBlueprintResources/StandardMacros.uexp" 528
"C:/Users/tobiz/OneDrive/Documenten/Unreal Projects/MyProject/Content/HandheldAR/Blueprints/Placeable/BP_Plane.uasset" 529
"C:/Users/tobiz/OneDrive/Documenten/Unreal Projects/MyProject/Content/HandheldAR/Blueprints/Placeable/BP_Plane.uexp" 530
"C:/Users/tobiz/OneDrive/Documenten/Unreal Projects/MyProject/Content/HandheldAR/Blueprints/Placeable/Textures/T_CirclePlate.uasset" 531
"C:/Users/tobiz/OneDrive/Documenten/Unreal Projects/MyProject/Content/HandheldAR/Blueprints/Placeable/Textures/T_CirclePlate.uexp" 532
"C:/Users/tobiz/OneDrive/Documenten/Unreal Projects/MyProject/Content/HandheldAR/Blueprints/Placeable/Materials/M_Placeable.uasset" 533
"C:/Users/tobiz/OneDrive/Documenten/Unreal Projects/MyProject/Content/HandheldAR/Blueprints/Placeable/Materials/M_Placeable.uexp" 534
"C:/Users/tobiz/OneDrive/Documenten/Unreal Projects/MyProject/Content/HandheldAR/Blueprints/Placeable/Mesh/SM_Plate.uasset" 535
"C:/Users/tobiz/OneDrive/Documenten/Unreal Projects/MyProject/Content/HandheldAR/Blueprints/Placeable/Mesh/SM_Plate.uexp" 536
"C:/Users/tobiz/OneDrive/Documenten/Unreal Projects/MyProject/Content/HandheldAR/Blueprints/Placeable/Textures/T_SquarePlate.uasset" 537
"C:/Users/tobiz/OneDrive/Documenten/Unreal Projects/MyProject/Content/HandheldAR/Blueprints/Placeable/Textures/T_SquarePlate.uexp" 538
"C:/Users/tobiz/OneDrive/Documenten/Unreal Projects/MyProject/Content/HandheldAR/Blueprints/Placeable/Materials/M_Arrow.uasset" 539
"C:/Users/tobiz/OneDrive/Documenten/Unreal Projects/MyProject/Content/HandheldAR/Blueprints/Placeable/Materials/M_Arrow.uexp" 540
"C:/Users/tobiz/OneDrive/Documenten/Unreal Projects/MyProject/Content/HandheldAR/Blueprints/UI/Icons/T_Icon_Rotate.uasset" 541
"C:/Users/tobiz/OneDrive/Documenten/Unreal Projects/MyProject/Content/HandheldAR/Blueprints/UI/Icons/T_Icon_Rotate.uexp" 542
"C:/Users/tobiz/OneDrive/Documenten/Unreal Projects/MyProject/Content/HandheldAR/Blueprints/Placeable/Mesh/SM_ArrowHead.uasset" 543
"C:/Users/tobiz/OneDrive/Documenten/Unreal Projects/MyProject/Content/HandheldAR/Blueprints/Placeable/Mesh/SM_ArrowHead.uexp" 544
"../../../Engine/Content/BasicShapes/BasicShapeMaterial.uasset" 545
"../../../Engine/Content/BasicShapes/BasicShapeMaterial.uexp" 546
"C:/Users/tobiz/OneDrive/Documenten/Unreal Projects/MyProject/Content/ProductAssets/Materials/M_Plastic.uasset" 547
"C:/Users/tobiz/OneDrive/Documenten/Unreal Projects/MyProject/Content/ProductAssets/Materials/M_Plastic.uexp" 548
"C:/Users/tobiz/OneDrive/Documenten/Unreal Projects/MyProject/Content/ProductAssets/Mesh/SM_Manequin.uasset" 549
"C:/Users/tobiz/OneDrive/Documenten/Unreal Projects/MyProject/Content/ProductAssets/Mesh/SM_Manequin.uexp" 550
"C:/Users/tobiz/OneDrive/Documenten/Unreal Projects/MyProject/Content/ProductAssets/BP_ProductAssetRef.uasset" 551
"C:/Users/tobiz/OneDrive/Documenten/Unreal Projects/MyProject/Content/ProductAssets/BP_ProductAssetRef.uexp" 552
"C:/Users/tobiz/OneDrive/Documenten/Unreal Projects/MyProject/Content/HandheldAR/Blueprints/UI/Icons/T_Icon_Move.uasset" 553
"C:/Users/tobiz/OneDrive/Documenten/Unreal Projects/MyProject/Content/HandheldAR/Blueprints/UI/Icons/T_Icon_Move.uexp" 554
"../../../Engine/Content/BasicShapes/Cylinder.uasset" 555
"../../../Engine/Content/BasicShapes/Cylinder.uexp" 556
"C:/Users/tobiz/OneDrive/Documenten/Unreal Projects/MyProject/Content/HandheldAR/Blueprints/Placeable/Textures/T_Shadow.uasset" 557
"C:/Users/tobiz/OneDrive/Documenten/Unreal Projects/MyProject/Content/HandheldAR/Blueprints/Placeable/Textures/T_Shadow.uexp" 558
"C:/Users/tobiz/OneDrive/Documenten/Unreal Projects/MyProject/Content/HandheldAR/Blueprints/Placeable/Materials/M_Shadow.uasset" 559
"C:/Users/tobiz/OneDrive/Documenten/Unreal Projects/MyProject/Content/HandheldAR/Blueprints/Placeable/Materials/M_Shadow.uexp" 560
"C:/Users/tobiz/OneDrive/Documenten/Unreal Projects/MyProject/Content/HandheldAR/Blueprints/Placeable/BP_InteractionHUD.uasset" 561
"C:/Users/tobiz/OneDrive/Documenten/Unreal Projects/MyProject/Content/HandheldAR/Blueprints/Placeable/BP_InteractionHUD.uexp" 562
"C:/Users/tobiz/OneDrive/Documenten/Unreal Projects/MyProject/Content/StarterContent/Textures/T_Chair_N.ubulk" 563
"C:/Users/tobiz/OneDrive/Documenten/Unreal Projects/MyProject/Content/StarterContent/Textures/T_Chair_N.uasset" 564
"C:/Users/tobiz/OneDrive/Documenten/Unreal Projects/MyProject/Content/StarterContent/Textures/T_Chair_N.uexp" 565
"C:/Users/tobiz/OneDrive/Documenten/Unreal Projects/MyProject/Content/StarterContent/Textures/T_Chair_M.ubulk" 566
"C:/Users/tobiz/OneDrive/Documenten/Unreal Projects/MyProject/Content/StarterContent/Textures/T_Chair_M.uasset" 567
"C:/Users/tobiz/OneDrive/Documenten/Unreal Projects/MyProject/Content/StarterContent/Textures/T_Chair_M.uexp" 568
"C:/Users/tobiz/OneDrive/Documenten/Unreal Projects/MyProject/Content/StarterContent/Props/Materials/M_Chair.uasset" 569
"C:/Users/tobiz/OneDrive/Documenten/Unreal Projects/MyProject/Content/StarterContent/Props/Materials/M_Chair.uexp" 570
"C:/Users/tobiz/OneDrive/Documenten/Unreal Projects/MyProject/Content/StarterContent/Props/SM_Chair.uasset" 571
"C:/Users/tobiz/OneDrive/Documenten/Unreal Projects/MyProject/Content/StarterContent/Props/SM_Chair.uexp" 572
"C:/Users/tobiz/OneDrive/Documenten/Unreal Projects/MyProject/Content/HandheldAR/Blueprints/Placeable/BP_Placeable.uasset" 573
"C:/Users/tobiz/OneDrive/Documenten/Unreal Projects/MyProject/Content/HandheldAR/Blueprints/Placeable/BP_Placeable.uexp" 574
"C:/Users/tobiz/OneDrive/Documenten/Unreal Projects/MyProject/Content/HandheldAR/Blueprints/UI/Icons/T_Icon_Right.uasset" 575
"C:/Users/tobiz/OneDrive/Documenten/Unreal Projects/MyProject/Content/HandheldAR/Blueprints/UI/Icons/T_Icon_Right.uexp" 576
"C:/Users/tobiz/OneDrive/Documenten/Unreal Projects/MyProject/Content/HandheldAR/Blueprints/UI/Icons/T_Icon_Close.uasset" 577
"C:/Users/tobiz/OneDrive/Documenten/Unreal Projects/MyProject/Content/HandheldAR/Blueprints/UI/Icons/T_Icon_Close.uexp" 578
"C:/Users/tobiz/OneDrive/Documenten/Unreal Projects/MyProject/Content/HandheldAR/Blueprints/UI/Icons/T_Icon_Snapshot_01.uasset" 579
"C:/Users/tobiz/OneDrive/Documenten/Unreal Projects/MyProject/Content/HandheldAR/Blueprints/UI/Icons/T_Icon_Snapshot_01.uexp" 580
"C:/Users/tobiz/OneDrive/Documenten/Unreal Projects/MyProject/Content/HandheldAR/Blueprints/UI/Icons/T_Capsule_Center_02.uasset" 581
"C:/Users/tobiz/OneDrive/Documenten/Unreal Projects/MyProject/Content/HandheldAR/Blueprints/UI/Icons/T_Capsule_Center_02.uexp" 582
"C:/Users/tobiz/OneDrive/Documenten/Unreal Projects/MyProject/Content/HandheldAR/Blueprints/UI/Icons/T_Icon_OFF_02.uasset" 583
"C:/Users/tobiz/OneDrive/Documenten/Unreal Projects/MyProject/Content/HandheldAR/Blueprints/UI/Icons/T_Icon_OFF_02.uexp" 584
"C:/Users/tobiz/OneDrive/Documenten/Unreal Projects/MyProject/Content/HandheldAR/Blueprints/UI/Icons/T_Icon_Info_02.uasset" 585
"C:/Users/tobiz/OneDrive/Documenten/Unreal Projects/MyProject/Content/HandheldAR/Blueprints/UI/Icons/T_Icon_Info_02.uexp" 586
"C:/Users/tobiz/OneDrive/Documenten/Unreal Projects/MyProject/Content/HandheldAR/Blueprints/UI/Icons/T_Capsule_Left_02.uasset" 587
"C:/Users/tobiz/OneDrive/Documenten/Unreal Projects/MyProject/Content/HandheldAR/Blueprints/UI/Icons/T_Capsule_Left_02.uexp" 588
"C:/Users/tobiz/OneDrive/Documenten/Unreal Projects/MyProject/Content/HandheldAR/Blueprints/UI/Icons/T_Icon_Close_02.uasset" 589
"C:/Users/tobiz/OneDrive/Documenten/Unreal Projects/MyProject/Content/HandheldAR/Blueprints/UI/Icons/T_Icon_Close_02.uexp" 590
"C:/Users/tobiz/OneDrive/Documenten/Unreal Projects/MyProject/Content/HandheldAR/Blueprints/UI/Icons/T_Icon_ON.uasset" 591
"C:/Users/tobiz/OneDrive/Documenten/Unreal Projects/MyProject/Content/HandheldAR/Blueprints/UI/Icons/T_Icon_ON.uexp" 592
"../../../Engine/Content/EngineFonts/Faces/RobotoLight.uexp" 593
"../../../Engine/Content/EngineFonts/Faces/RobotoLight.uasset" 594
"../../../Engine/Content/EngineFonts/Faces/RobotoLight.ufont" 595
"../../../Engine/Content/EngineFonts/Faces/RobotoBold.uexp" 596
"../../../Engine/Content/EngineFonts/Faces/RobotoBold.uasset" 597
"../../../Engine/Content/EngineFonts/Faces/RobotoBold.ufont" 598
"../../../Engine/Content/EngineFonts/Faces/RobotoRegular.uexp" 599
"../../../Engine/Content/EngineFonts/Faces/RobotoRegular.uasset" 600
"../../../Engine/Content/EngineFonts/Faces/RobotoRegular.ufont" 601
"../../../Engine/Content/EngineFonts/Faces/DroidSansFallback.uexp" 602
"../../../Engine/Content/EngineFonts/Faces/DroidSansFallback.uasset" 603
"../../../Engine/Content/EngineFonts/Faces/DroidSansFallback.ufont" 604
"../../../Engine/Content/EngineFonts/Faces/RobotoItalic.uexp" 605
"../../../Engine/Content/EngineFonts/Faces/RobotoItalic.uasset" 606
"../../../Engine/Content/EngineFonts/Faces/RobotoItalic.ufont" 607
"../../../Engine/Content/EngineFonts/Faces/RobotoBoldItalic.uexp" 608
"../../../Engine/Content/EngineFonts/Faces/RobotoBoldItalic.uasset" 609
"../../../Engine/Content/EngineFonts/Faces/RobotoBoldItalic.ufont" 610
"../../../Engine/Content/EngineFonts/Roboto.uasset" 611
"../../../Engine/Content/EngineFonts/Roboto.uexp" 612
"C:/Users/tobiz/OneDrive/Documenten/Unreal Projects/MyProject/Content/HandheldAR/Blueprints/UI/Styles/ENUM_UIStyle.uasset" 613
"C:/Users/tobiz/OneDrive/Documenten/Unreal Projects/MyProject/Content/HandheldAR/Blueprints/UI/Styles/ENUM_UIStyle.uexp" 614
"C:/Users/tobiz/OneDrive/Documenten/Unreal Projects/MyProject/Content/HandheldAR/Blueprints/UI/Styles/Enum_FontTypeFace.uasset" 615
"C:/Users/tobiz/OneDrive/Documenten/Unreal Projects/MyProject/Content/HandheldAR/Blueprints/UI/Styles/Enum_FontTypeFace.uexp" 616
"C:/Users/tobiz/OneDrive/Documenten/Unreal Projects/MyProject/Content/HandheldAR/Blueprints/UI/Styles/Enum_IconType.uasset" 617
"C:/Users/tobiz/OneDrive/Documenten/Unreal Projects/MyProject/Content/HandheldAR/Blueprints/UI/Styles/Enum_IconType.uexp" 618
"C:/Users/tobiz/OneDrive/Documenten/Unreal Projects/MyProject/Content/HandheldAR/Blueprints/UI/Styles/Struct_Icon.uasset" 619
"C:/Users/tobiz/OneDrive/Documenten/Unreal Projects/MyProject/Content/HandheldAR/Blueprints/UI/Styles/Struct_Icon.uexp" 620
"C:/Users/tobiz/OneDrive/Documenten/Unreal Projects/MyProject/Content/HandheldAR/Blueprints/UI/Styles/Struct_Style.uasset" 621
"C:/Users/tobiz/OneDrive/Documenten/Unreal Projects/MyProject/Content/HandheldAR/Blueprints/UI/Styles/Struct_Style.uexp" 622
"C:/Users/tobiz/OneDrive/Documenten/Unreal Projects/MyProject/Content/HandheldAR/Blueprints/UI/Icons/T_Icon_Info_01.uasset" 623
"C:/Users/tobiz/OneDrive/Documenten/Unreal Projects/MyProject/Content/HandheldAR/Blueprints/UI/Icons/T_Icon_Info_01.uexp" 624
"C:/Users/tobiz/OneDrive/Documenten/Unreal Projects/MyProject/Content/HandheldAR/Blueprints/UI/Icons/T_Icon_Options_02.uasset" 625
"C:/Users/tobiz/OneDrive/Documenten/Unreal Projects/MyProject/Content/HandheldAR/Blueprints/UI/Icons/T_Icon_Options_02.uexp" 626
"C:/Users/tobiz/OneDrive/Documenten/Unreal Projects/MyProject/Content/HandheldAR/Blueprints/UI/Icons/T_Icon_Left_02.uasset" 627
"C:/Users/tobiz/OneDrive/Documenten/Unreal Projects/MyProject/Content/HandheldAR/Blueprints/UI/Icons/T_Icon_Left_02.uexp" 628
"C:/Users/tobiz/OneDrive/Documenten/Unreal Projects/MyProject/Content/HandheldAR/Blueprints/UI/Icons/T_Icon_Snapshot_02.uasset" 629
"C:/Users/tobiz/OneDrive/Documenten/Unreal Projects/MyProject/Content/HandheldAR/Blueprints/UI/Icons/T_Icon_Snapshot_02.uexp" 630
"C:/Users/tobiz/OneDrive/Documenten/Unreal Projects/MyProject/Content/HandheldAR/Blueprints/UI/Icons/T_Icon_ON_02.uasset" 631
"C:/Users/tobiz/OneDrive/Documenten/Unreal Projects/MyProject/Content/HandheldAR/Blueprints/UI/Icons/T_Icon_ON_02.uexp" 632
"C:/Users/tobiz/OneDrive/Documenten/Unreal Projects/MyProject/Content/HandheldAR/Blueprints/UI/Icons/T_Capsule_Left.uasset" 633
"C:/Users/tobiz/OneDrive/Documenten/Unreal Projects/MyProject/Content/HandheldAR/Blueprints/UI/Icons/T_Capsule_Left.uexp" 634
"C:/Users/tobiz/OneDrive/Documenten/Unreal Projects/MyProject/Content/HandheldAR/Blueprints/UI/Icons/T_Icon_Right_02.uasset" 635
"C:/Users/tobiz/OneDrive/Documenten/Unreal Projects/MyProject/Content/HandheldAR/Blueprints/UI/Icons/T_Icon_Right_02.uexp" 636
"C:/Users/tobiz/OneDrive/Documenten/Unreal Projects/MyProject/Content/HandheldAR/Blueprints/UI/Icons/T_Icon_Options_01.uasset" 637
"C:/Users/tobiz/OneDrive/Documenten/Unreal Projects/MyProject/Content/HandheldAR/Blueprints/UI/Icons/T_Icon_Options_01.uexp" 638
"C:/Users/tobiz/OneDrive/Documenten/Unreal Projects/MyProject/Content/HandheldAR/Blueprints/UI/Icons/T_Capsule_Right_02.uasset" 639
"C:/Users/tobiz/OneDrive/Documenten/Unreal Projects/MyProject/Content/HandheldAR/Blueprints/UI/Icons/T_Capsule_Right_02.uexp" 640
"C:/Users/tobiz/OneDrive/Documenten/Unreal Projects/MyProject/Content/HandheldAR/Blueprints/UI/Icons/T_Icon_Reset_01.uasset" 641
"C:/Users/tobiz/OneDrive/Documenten/Unreal Projects/MyProject/Content/HandheldAR/Blueprints/UI/Icons/T_Icon_Reset_01.uexp" 642
"C:/Users/tobiz/OneDrive/Documenten/Unreal Projects/MyProject/Content/HandheldAR/Blueprints/UI/Icons/T_Icon_OFF.uasset" 643
"C:/Users/tobiz/OneDrive/Documenten/Unreal Projects/MyProject/Content/HandheldAR/Blueprints/UI/Icons/T_Icon_OFF.uexp" 644
"C:/Users/tobiz/OneDrive/Documenten/Unreal Projects/MyProject/Content/HandheldAR/Blueprints/UI/Icons/T_Capsule_Right.uasset" 645
"C:/Users/tobiz/OneDrive/Documenten/Unreal Projects/MyProject/Content/HandheldAR/Blueprints/UI/Icons/T_Capsule_Right.uexp" 646
"C:/Users/tobiz/OneDrive/Documenten/Unreal Projects/MyProject/Content/HandheldAR/Blueprints/UI/Icons/T_Icon_Reset_02.uasset" 647
"C:/Users/tobiz/OneDrive/Documenten/Unreal Projects/MyProject/Content/HandheldAR/Blueprints/UI/Icons/T_Icon_Reset_02.uexp" 648
"C:/Users/tobiz/OneDrive/Documenten/Unreal Projects/MyProject/Content/HandheldAR/Blueprints/UI/Icons/T_Icon_Left.uasset" 649
"C:/Users/tobiz/OneDrive/Documenten/Unreal Projects/MyProject/Content/HandheldAR/Blueprints/UI/Icons/T_Icon_Left.uexp" 650
"C:/Users/tobiz/OneDrive/Documenten/Unreal Projects/MyProject/Content/HandheldAR/Blueprints/UI/Icons/T_Capsule_Center.uasset" 651
"C:/Users/tobiz/OneDrive/Documenten/Unreal Projects/MyProject/Content/HandheldAR/Blueprints/UI/Icons/T_Capsule_Center.uexp" 652
"C:/Users/tobiz/OneDrive/Documenten/Unreal Projects/MyProject/Content/HandheldAR/Blueprints/UI/Styles/DT_Styles.uasset" 653
"C:/Users/tobiz/OneDrive/Documenten/Unreal Projects/MyProject/Content/HandheldAR/Blueprints/UI/Styles/DT_Styles.uexp" 654
"C:/Users/tobiz/OneDrive/Documenten/Unreal Projects/MyProject/Content/HandheldAR/Blueprints/UI/Materials/M_ButtonUI.uasset" 655
"C:/Users/tobiz/OneDrive/Documenten/Unreal Projects/MyProject/Content/HandheldAR/Blueprints/UI/Materials/M_ButtonUI.uexp" 656
"C:/Users/tobiz/OneDrive/Documenten/Unreal Projects/MyProject/Content/HandheldAR/Blueprints/UI/UI_ToggleButton.uasset" 657
"C:/Users/tobiz/OneDrive/Documenten/Unreal Projects/MyProject/Content/HandheldAR/Blueprints/UI/UI_ToggleButton.uexp" 658
"C:/Users/tobiz/OneDrive/Documenten/Unreal Projects/MyProject/Content/HandheldAR/Blueprints/UI/UI_CapsuleButton.uasset" 659
"C:/Users/tobiz/OneDrive/Documenten/Unreal Projects/MyProject/Content/HandheldAR/Blueprints/UI/UI_CapsuleButton.uexp" 660
"C:/Users/tobiz/OneDrive/Documenten/Unreal Projects/MyProject/Content/HandheldAR/Blueprints/UI/Styles/BP_StylizedUI.uasset" 661
"C:/Users/tobiz/OneDrive/Documenten/Unreal Projects/MyProject/Content/HandheldAR/Blueprints/UI/Styles/BP_StylizedUI.uexp" 662
"C:/Users/tobiz/OneDrive/Documenten/Unreal Projects/MyProject/Content/HandheldAR/Blueprints/UI/BP_OptionMenu.uasset" 663
"C:/Users/tobiz/OneDrive/Documenten/Unreal Projects/MyProject/Content/HandheldAR/Blueprints/UI/BP_OptionMenu.uexp" 664
"C:/Users/tobiz/OneDrive/Documenten/Unreal Projects/MyProject/Content/HandheldAR/Blueprints/UI/Icons/T_CircularMenu_Top.uasset" 665
"C:/Users/tobiz/OneDrive/Documenten/Unreal Projects/MyProject/Content/HandheldAR/Blueprints/UI/Icons/T_CircularMenu_Top.uexp" 666
"C:/Users/tobiz/OneDrive/Documenten/Unreal Projects/MyProject/Content/HandheldAR/Blueprints/UI/Icons/T_CircularMenu.uasset" 667
"C:/Users/tobiz/OneDrive/Documenten/Unreal Projects/MyProject/Content/HandheldAR/Blueprints/UI/Icons/T_CircularMenu.uexp" 668
"C:/Users/tobiz/OneDrive/Documenten/Unreal Projects/MyProject/Content/HandheldAR/Blueprints/UI/Icons/T_Icon_Circle.uasset" 669
"C:/Users/tobiz/OneDrive/Documenten/Unreal Projects/MyProject/Content/HandheldAR/Blueprints/UI/Icons/T_Icon_Circle.uexp" 670
"../../../Engine/Content/Functions/Engine_MaterialFunctions02/Texturing/CustomRotator.uasset" 671
"../../../Engine/Content/Functions/Engine_MaterialFunctions02/Texturing/CustomRotator.uexp" 672
"C:/Users/tobiz/OneDrive/Documenten/Unreal Projects/MyProject/Content/HandheldAR/Blueprints/UI/Materials/M_CircularMenuSelection.uasset" 673
"C:/Users/tobiz/OneDrive/Documenten/Unreal Projects/MyProject/Content/HandheldAR/Blueprints/UI/Materials/M_CircularMenuSelection.uexp" 674
"C:/Users/tobiz/OneDrive/Documenten/Unreal Projects/MyProject/Content/HandheldAR/Blueprints/UI/BP_BottomMenu.uasset" 675
"C:/Users/tobiz/OneDrive/Documenten/Unreal Projects/MyProject/Content/HandheldAR/Blueprints/UI/BP_BottomMenu.uexp" 676
"C:/Users/tobiz/OneDrive/Documenten/Unreal Projects/MyProject/Content/HandheldAR/Blueprints/UI/Icons/T_Shape_Loading.uasset" 677
"C:/Users/tobiz/OneDrive/Documenten/Unreal Projects/MyProject/Content/HandheldAR/Blueprints/UI/Icons/T_Shape_Loading.uexp" 678
"C:/Users/tobiz/OneDrive/Documenten/Unreal Projects/MyProject/Content/HandheldAR/Blueprints/UI/Materials/M_ButtonRotatingUI.uasset" 679
"C:/Users/tobiz/OneDrive/Documenten/Unreal Projects/MyProject/Content/HandheldAR/Blueprints/UI/Materials/M_ButtonRotatingUI.uexp" 680
"C:/Users/tobiz/OneDrive/Documenten/Unreal Projects/MyProject/Content/HandheldAR/Blueprints/UI/Icons/T_Shape_Circle.uasset" 681
"C:/Users/tobiz/OneDrive/Documenten/Unreal Projects/MyProject/Content/HandheldAR/Blueprints/UI/Icons/T_Shape_Circle.uexp" 682
"C:/Users/tobiz/OneDrive/Documenten/Unreal Projects/MyProject/Content/HandheldAR/Blueprints/UI/BP_StartMenu.uasset" 683
"C:/Users/tobiz/OneDrive/Documenten/Unreal Projects/MyProject/Content/HandheldAR/Blueprints/UI/BP_StartMenu.uexp" 684
"C:/Users/tobiz/OneDrive/Documenten/Unreal Projects/MyProject/Content/HandheldAR/Blueprints/UI/Materials/M_CircularMask.uasset" 685
"C:/Users/tobiz/OneDrive/Documenten/Unreal Projects/MyProject/Content/HandheldAR/Blueprints/UI/Materials/M_CircularMask.uexp" 686
"C:/Users/tobiz/OneDrive/Documenten/Unreal Projects/MyProject/Content/HandheldAR/Blueprints/UI/Icons/T_Icon_Shot_01.ubulk" 687
"C:/Users/tobiz/OneDrive/Documenten/Unreal Projects/MyProject/Content/HandheldAR/Blueprints/UI/Icons/T_Icon_Shot_01.uasset" 688
"C:/Users/tobiz/OneDrive/Documenten/Unreal Projects/MyProject/Content/HandheldAR/Blueprints/UI/Icons/T_Icon_Shot_01.uexp" 689
"C:/Users/tobiz/OneDrive/Documenten/Unreal Projects/MyProject/Content/HandheldAR/D_ARSessionConfig.uasset" 690
"C:/Users/tobiz/OneDrive/Documenten/Unreal Projects/MyProject/Content/HandheldAR/D_ARSessionConfig.uexp" 691
"C:/Users/tobiz/OneDrive/Documenten/Unreal Projects/MyProject/Content/HandheldAR/Blueprints/UI/Icons/T_Icon_Pinch.uasset" 692
"C:/Users/tobiz/OneDrive/Documenten/Unreal Projects/MyProject/Content/HandheldAR/Blueprints/UI/Icons/T_Icon_Pinch.uexp" 693
"C:/Users/tobiz/OneDrive/Documenten/Unreal Projects/MyProject/Content/HandheldAR/Blueprints/UI/Icons/T_Icon_Grab.uasset" 694
"C:/Users/tobiz/OneDrive/Documenten/Unreal Projects/MyProject/Content/HandheldAR/Blueprints/UI/Icons/T_Icon_Grab.uexp" 695
"C:/Users/tobiz/OneDrive/Documenten/Unreal Projects/MyProject/Content/HandheldAR/Blueprints/UI/Icons/T_Icon_Swipe.uasset" 696
"C:/Users/tobiz/OneDrive/Documenten/Unreal Projects/MyProject/Content/HandheldAR/Blueprints/UI/Icons/T_Icon_Swipe.uexp" 697
"C:/Users/tobiz/OneDrive/Documenten/Unreal Projects/MyProject/Content/HandheldAR/Blueprints/UI/BP_InfoMenu.uasset" 698
"C:/Users/tobiz/OneDrive/Documenten/Unreal Projects/MyProject/Content/HandheldAR/Blueprints/UI/BP_InfoMenu.uexp" 699
"C:/Users/tobiz/OneDrive/Documenten/Unreal Projects/MyProject/Content/HandheldAR/Blueprints/UI/BP_MainMenu.uasset" 700
"C:/Users/tobiz/OneDrive/Documenten/Unreal Projects/MyProject/Content/HandheldAR/Blueprints/UI/BP_MainMenu.uexp" 701
"C:/Users/tobiz/OneDrive/Documenten/Unreal Projects/MyProject/Content/HandheldAR/Blueprints/GameFramework/BP_ARPawn.uasset" 702
"C:/Users/tobiz/OneDrive/Documenten/Unreal Projects/MyProject/Content/HandheldAR/Blueprints/GameFramework/BP_ARPawn.uexp" 703
"C:/Users/tobiz/OneDrive/Documenten/Unreal Projects/MyProject/Content/HandheldAR/Blueprints/GameFramework/BP_ARGameMode.uasset" 704
"C:/Users/tobiz/OneDrive/Documenten/Unreal Projects/MyProject/Content/HandheldAR/Blueprints/GameFramework/BP_ARGameMode.uexp" 705
"../../../Engine/Content/MapTemplates/Sky/DaylightAmbientCubemap.uasset" 706
"../../../Engine/Content/MapTemplates/Sky/DaylightAmbientCubemap.uexp" 707
"C:/Users/tobiz/OneDrive/Documenten/Unreal Projects/MyProject/Content/HandheldAR/Maps/HandheldARBlankMap.uexp" 708
"C:/Users/tobiz/OneDrive/Documenten/Unreal Projects/MyProject/Content/HandheldAR/Maps/HandheldARBlankMap.umap" 709
